<?xml version="1.0" encoding="UTF-8"?>
<!-- Generated by org.testng.reporters.JUnitXMLReporter -->
<testsuite ignored="0" hostname="DESKTOP-SODBL1A" failures="0" tests="6" name="Surefire test" time="45.416" errors="0" timestamp="2023-04-27T11:45:06 EDT">
  <testcase classname="io.cucumber.testng.AbstractTestNGCucumberTests" name="runScenario" time="9.164"/>
  <testcase classname="EAEnterprise.tests.ErrorValidationsTest" name="LoginErrorValidation" time="1.03"/>
  <testcase classname="EAEnterprise.tests.ErrorValidationsTest" name="ProductErrorValidation" time="3.099"/>
  <testcase classname="EAEnterprise.tests.SubmitOrderTest" name="submitOrder" time="4.005"/>
  <testcase classname="EAEnterprise.tests.SubmitOrderTest" name="submitOrder" time="4.008"/>
  <testcase classname="EAEnterprise.tests.SubmitOrderTest" name="OrderHistoryTest" time="0.819"/>
</testsuite> <!-- Surefire test -->
