<?xml version="1.0" encoding="UTF-8"?>
<!-- Generated by org.testng.reporters.JUnitXMLReporter -->
<testsuite ignored="0" hostname="DESKTOP-SODBL1A" failures="0" tests="2" name="Error Validations Test" time="23.241" errors="0" timestamp="2023-04-25T12:14:26 EDT">
  <testcase classname="EAEnterprise.tests.ErrorValidationsTest" name="LoginErrorValidation" time="1.028"/>
  <testcase classname="EAEnterprise.tests.ErrorValidationsTest" name="ProductErrorValidation" time="12.847"/>
</testsuite> <!-- Error Validations Test -->
