<?xml version="1.0" encoding="UTF-8"?>
<!-- Generated by org.testng.reporters.JUnitXMLReporter -->
<testsuite ignored="0" hostname="DESKTOP-SODBL1A" failures="0" tests="3" name="Submit Order Test" time="22.039" errors="0" timestamp="2023-04-25T12:14:25 EDT">
  <testcase classname="EAEnterprise.tests.SubmitOrderTest" name="submitOrder" time="3.989"/>
  <testcase classname="EAEnterprise.tests.SubmitOrderTest" name="submitOrder" time="4.012"/>
  <testcase classname="EAEnterprise.tests.SubmitOrderTest" name="OrderHistoryTest" time="0.817"/>
</testsuite> <!-- Submit Order Test -->
