<?xml version="1.0" encoding="UTF-8"?>
<!-- Generated by org.testng.reporters.JUnitXMLReporter -->
<testsuite ignored="0" hostname="new-host-3.home" failures="0" tests="2" name="Error Validations Test" time="19.827" errors="0" timestamp="2023-04-18T18:53:58 EDT">
  <testcase classname="EAEnterprise.tests.ErrorValidationsTest" name="LoginErrorValidation" time="0.869"/>
  <testcase classname="EAEnterprise.tests.ErrorValidationsTest" name="ProductErrorValidation" time="3.632"/>
</testsuite> <!-- Error Validations Test -->
