<?xml version="1.0" encoding="UTF-8"?>
<!-- Generated by org.testng.reporters.JUnitXMLReporter -->
<testsuite ignored="0" hostname="new-host-3.home" failures="0" tests="3" name="Submit Order Test" time="30.975" errors="0" timestamp="2023-04-18T18:54:09 EDT">
  <testcase classname="EAEnterprise.tests.SubmitOrderTest" name="submitOrder" time="5.141"/>
  <testcase classname="EAEnterprise.tests.SubmitOrderTest" name="submitOrder" time="4.905"/>
  <testcase classname="EAEnterprise.tests.SubmitOrderTest" name="OrderHistoryTest" time="1.066"/>
</testsuite> <!-- Submit Order Test -->
