<?xml version="1.0" encoding="UTF-8"?>
<testsuite xmlns:xsi="http://www.w3.org/2001/XMLSchema-instance" xsi:noNamespaceSchemaLocation="https://maven.apache.org/surefire/maven-surefire-plugin/xsd/surefire-test-report.xsd" name="TestSuite" time="45.78" tests="6" errors="0" skipped="0" failures="0">
  <properties>
[...]
</properties>
  <testcase name="runScenario" classname="cucumber.TestNGTestRunner" time="9.165"/>
  <testcase name="LoginErrorValidation" classname="EAEnterprise.tests.ErrorValidationsTest" time="1.03"/>
  <testcase name="ProductErrorValidation" classname="EAEnterprise.tests.ErrorValidationsTest" time="3.1"/>
  <testcase name="submitOrder" classname="EAEnterprise.tests.SubmitOrderTest" time="4.006"/>
  <testcase name="submitOrder" classname="EAEnterprise.tests.SubmitOrderTest" time="4.007"/>
  <testcase name="OrderHistoryTest" classname="EAEnterprise.tests.SubmitOrderTest" time="0.82"/>
</testsuite>